[debug] [2023-05-18T02:43:04.313Z] ----------------------------------------------------------------------
[debug] [2023-05-18T02:43:04.316Z] Command:       C:\Program Files\nodejs\node.exe C:\Users\HP\AppData\Roaming\npm\node_modules\firebase-tools\lib\bin\firebase.js init
[debug] [2023-05-18T02:43:04.316Z] CLI Version:   12.0.1
[debug] [2023-05-18T02:43:04.317Z] Platform:      win32
[debug] [2023-05-18T02:43:04.317Z] Node Version:  v18.12.1
[debug] [2023-05-18T02:43:04.318Z] Time:          Thu May 18 2023 08:13:04 GMT+0530 (India Standard Time)
[debug] [2023-05-18T02:43:04.318Z] ----------------------------------------------------------------------
[debug] 
[debug] [2023-05-18T02:43:04.412Z] > command requires scopes: ["email","openid","https://www.googleapis.com/auth/cloudplatformprojects.readonly","https://www.googleapis.com/auth/firebase","https://www.googleapis.com/auth/cloud-platform"]
[debug] [2023-05-18T02:43:04.412Z] > authorizing via signed-in user (phanigorantla531@gmail.com)
[info] 
     ######## #### ########  ######## ########     ###     ######  ########
     ##        ##  ##     ## ##       ##     ##  ##   ##  ##       ##
     ######    ##  ########  ######   ########  #########  ######  ######
     ##        ##  ##    ##  ##       ##     ## ##     ##       ## ##
     ##       #### ##     ## ######## ########  ##     ##  ######  ########

You're about to initialize a Firebase project in this directory:

  C:\Users\HP\Desktop\smartcard\smartcard

Before we get started, keep in mind:

  * You are initializing within an existing Firebase project directory

[info] 
=== Project Setup
[info] 
[info] First, let's associate this project directory with a Firebase project.
[info] You can create multiple project aliases by running firebase use --add, 
[info] but for now we'll just set up a default project.
[info] 
[debug] [2023-05-18T02:43:18.087Z] Using project from CLI flag: smartcard-f43de
[debug] [2023-05-18T02:43:18.090Z] >>> [apiv2][query] GET https://firebase.googleapis.com/v1beta1/projects/smartcard-f43de [none]
[debug] [2023-05-18T02:43:18.819Z] <<< [apiv2][status] GET https://firebase.googleapis.com/v1beta1/projects/smartcard-f43de 200
[debug] [2023-05-18T02:43:18.820Z] <<< [apiv2][body] GET https://firebase.googleapis.com/v1beta1/projects/smartcard-f43de {"projectId":"smartcard-f43de","projectNumber":"416610199677","displayName":"smartcard","name":"projects/smartcard-f43de","resources":{"hostingSite":"smartcard-f43de","realtimeDatabaseInstance":"smartcard-f43de-default-rtdb"},"state":"ACTIVE","etag":"1_62369b60-2927-481d-abba-9e0dad3a27b4"}
[info] i  Using project smartcard-f43de (smartcard) 
[info] 
=== Hosting Setup
[info] 
[info] Your public directory is the folder (relative to your project directory) that
[info] will contain Hosting assets to be uploaded with firebase deploy. If you
[info] have a build process for your assets, use your build's output directory.
[info] 
[info] i  Skipping write of build/404.html 
[debug] [2023-05-18T02:43:47.041Z] >>> [apiv2][query] GET https://www.gstatic.com/firebasejs/releases.json [none]
[debug] [2023-05-18T02:43:47.157Z] <<< [apiv2][status] GET https://www.gstatic.com/firebasejs/releases.json 200
[debug] [2023-05-18T02:43:47.157Z] <<< [apiv2][body] GET https://www.gstatic.com/firebasejs/releases.json {"current":{"version":"9.22.0","browserURL":"https://www.gstatic.com/firebasejs/9.22.0/firebase.js","packageURL":"https://www.gstatic.com/firebasejs/9.22.0/firebase.tgz"},"live":{"version":"9.22","browserURL":"https://www.gstatic.com/firebasejs/live/9.22/firebase.js","packageURL":"https://www.gstatic.com/firebasejs/live/9.22/firebase.tgz"},"components":{"analytics":"https://www.gstatic.com/firebasejs/9.22.0/firebase-analytics.js","app":"https://www.gstatic.com/firebasejs/9.22.0/firebase-app.js","app-check":"https://www.gstatic.com/firebasejs/9.22.0/firebase-app-check.js","auth":"https://www.gstatic.com/firebasejs/9.22.0/firebase-auth.js","auth/cordova":"https://www.gstatic.com/firebasejs/9.22.0/firebase-auth/cordova.js","auth/react-native":"https://www.gstatic.com/firebasejs/9.22.0/firebase-auth/react-native.js","functions":"https://www.gstatic.com/firebasejs/9.22.0/firebase-functions.js","firestore":"https://www.gstatic.com/firebasejs/9.22.0/firebase-firestore.js","firestore/lite":"https://www.gstatic.com/firebasejs/9.22.0/firebase-firestore/lite.js","installations":"https://www.gstatic.com/firebasejs/9.22.0/firebase-installations.js","storage":"https://www.gstatic.com/firebasejs/9.22.0/firebase-storage.js","performance":"https://www.gstatic.com/firebasejs/9.22.0/firebase-performance.js","remote-config":"https://www.gstatic.com/firebasejs/9.22.0/firebase-remote-config.js","messaging":"https://www.gstatic.com/firebasejs/9.22.0/firebase-messaging.js","messaging/sw":"https://www.gstatic.com/firebasejs/9.22.0/firebase-messaging/sw.js","database":"https://www.gstatic.com/firebasejs/9.22.0/firebase-database.js","firestore.memory":"https://www.gstatic.com/firebasejs/9.22.0/firebase-firestore.memory.js"}}
[info] i  Skipping write of build/index.html 
[info] 
[info] i  Detected a .git folder at C:\Users\HP\Desktop\smartcard\smartcard 
[info] i  Authorizing with GitHub to upload your service account to a GitHub repository's secrets store. 
[info] 
[info] Visit this URL on this device to log in:
[info] https://github.com/login/oauth/authorize?client_id=89cf50f02ac6aaed3484&state=537547770&redirect_uri=http%3A%2F%2Flocalhost%3A9005&scope=read%3Auser%20repo%20public_repo
[info] 
[info] Waiting for authentication...
[debug] [2023-05-18T02:43:54.108Z] >>> [apiv2][query] POST https://github.com/login/oauth/access_token [none]
[debug] [2023-05-18T02:43:54.108Z] >>> [apiv2][body] POST https://github.com/login/oauth/access_token [stream]
[debug] [2023-05-18T02:43:54.558Z] <<< [apiv2][status] POST https://github.com/login/oauth/access_token 200
[debug] [2023-05-18T02:43:54.558Z] <<< [apiv2][body] POST https://github.com/login/oauth/access_token {"access_token":"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","token_type":"bearer","scope":"read:user,repo"}
[debug] [2023-05-18T02:43:54.572Z] >>> [apiv2][query] GET https://api.github.com/user [none]
[debug] [2023-05-18T02:43:55.020Z] <<< [apiv2][status] GET https://api.github.com/user 200
[debug] [2023-05-18T02:43:55.020Z] <<< [apiv2][body] GET https://api.github.com/user {"login":"Phani-Gorantla-au45","id":38903564,"node_id":"MDQ6VXNlcjM4OTAzNTY0","avatar_url":"https://avatars.githubusercontent.com/u/38903564?v=4","gravatar_id":"","url":"https://api.github.com/users/Phani-Gorantla-au45","html_url":"https://github.com/Phani-Gorantla-au45","followers_url":"https://api.github.com/users/Phani-Gorantla-au45/followers","following_url":"https://api.github.com/users/Phani-Gorantla-au45/following{/other_user}","gists_url":"https://api.github.com/users/Phani-Gorantla-au45/gists{/gist_id}","starred_url":"https://api.github.com/users/Phani-Gorantla-au45/starred{/owner}{/repo}","subscriptions_url":"https://api.github.com/users/Phani-Gorantla-au45/subscriptions","organizations_url":"https://api.github.com/users/Phani-Gorantla-au45/orgs","repos_url":"https://api.github.com/users/Phani-Gorantla-au45/repos","events_url":"https://api.github.com/users/Phani-Gorantla-au45/events{/privacy}","received_events_url":"https://api.github.com/users/Phani-Gorantla-au45/received_events","type":"User","site_admin":false,"name":null,"company":null,"blog":"","location":null,"email":null,"hireable":null,"bio":null,"twitter_username":null,"public_repos":11,"public_gists":0,"followers":0,"following":1,"created_at":"2018-05-02T06:23:23Z","updated_at":"2022-12-29T05:12:44Z","private_gists":0,"total_private_repos":1,"owned_private_repos":1,"disk_usage":814,"collaborators":0,"two_factor_authentication":false,"plan":{"name":"free","space":976562499,"collaborators":0,"private_repos":10000}}
[info] 
[info] +  Success! Logged into GitHub as Phani-Gorantla-au45 
[info] 
